[debug] [2024-05-21T13:00:41.183Z] ----------------------------------------------------------------------
[debug] [2024-05-21T13:00:41.187Z] Command:       C:\Program Files\nodejs\node.exe C:\Users\uchen\AppData\Roaming\npm\node_modules\firebase-tools\lib\bin\firebase.js init
[debug] [2024-05-21T13:00:41.188Z] CLI Version:   13.9.0
[debug] [2024-05-21T13:00:41.189Z] Platform:      win32
[debug] [2024-05-21T13:00:41.189Z] Node Version:  v18.16.1
[debug] [2024-05-21T13:00:41.190Z] Time:          Tue May 21 2024 14:00:41 GMT+0100 (West Africa Standard Time)
[debug] [2024-05-21T13:00:41.190Z] ----------------------------------------------------------------------
[debug] 
[debug] [2024-05-21T13:00:41.196Z] >>> [apiv2][query] GET https://firebase-public.firebaseio.com/cli.json [none]
[debug] [2024-05-21T13:00:41.283Z] > command requires scopes: ["email","openid","https://www.googleapis.com/auth/cloudplatformprojects.readonly","https://www.googleapis.com/auth/firebase","https://www.googleapis.com/auth/cloud-platform"]
[debug] [2024-05-21T13:00:41.284Z] > authorizing via signed-in user (uchenyeinnocent@gmail.com)
[info] 
     ######## #### ########  ######## ########     ###     ######  ########
     ##        ##  ##     ## ##       ##     ##  ##   ##  ##       ##
     ######    ##  ########  ######   ########  #########  ######  ######
     ##        ##  ##    ##  ##       ##     ## ##     ##       ## ##
     ##       #### ##     ## ######## ########  ##     ##  ######  ########

You're about to initialize a Firebase project in this directory:

  C:\Users\uchen\Documents\mooreadviseTest

[debug] [2024-05-21T13:00:41.993Z] <<< [apiv2][status] GET https://firebase-public.firebaseio.com/cli.json 200
[debug] [2024-05-21T13:00:41.994Z] <<< [apiv2][body] GET https://firebase-public.firebaseio.com/cli.json {"cloudBuildErrorAfter":1594252800000,"cloudBuildWarnAfter":1590019200000,"defaultNode10After":1594252800000,"minVersion":"3.0.5","node8DeploysDisabledAfter":1613390400000,"node8RuntimeDisabledAfter":1615809600000,"node8WarnAfter":1600128000000}
